Using pre-set license
Built from '2020.3/staging' branch; Version is '2020.3.33f1 (915a7af8b0d5) revision 9525882'; Using compiler version '192528614'; Build Type 'Release'
OS: 'Windows 11  (10.0.22000) 64bit Core' Language: 'en' Physical Memory: 16145 MB
BatchMode: 1, IsHumanControllingUs: 0, StartBugReporterOnCrash: 0, Is64bit: 1, IsPro: 0

COMMAND LINE ARGUMENTS:
D:\unity\2020.3.33f1\Editor\Unity.exe
-adb2
-batchMode
-noUpm
-name
AssetImportWorker0
-projectPath
C:/Users/Aszalea/Udemy Course
-logFile
Logs/AssetImportWorker0.log
-srvPort
55282
Successfully changed project path to: C:/Users/Aszalea/Udemy Course
C:/Users/Aszalea/Udemy Course
Using Asset Import Pipeline V2.
Refreshing native plugins compatible for Editor in 27.55 ms, found 2 plugins.
Preloading 0 native plugins for Editor in 0.00 ms.
Initialize engine version: 2020.3.33f1 (915a7af8b0d5)
[Subsystems] Discovering subsystems at path D:/unity/2020.3.33f1/Editor/Data/Resources/UnitySubsystems
[Subsystems] Discovering subsystems at path C:/Users/Aszalea/Udemy Course/Assets
GfxDevice: creating device client; threaded=0
Direct3D:
    Version:  Direct3D 11.0 [level 11.1]
    Renderer: NVIDIA GeForce RTX 2070 (ID=0x1f14)
    Vendor:   
    VRAM:     8031 MB
    Driver:   27.21.14.6231
Initialize mono
Mono path[0] = 'D:/unity/2020.3.33f1/Editor/Data/Managed'
Mono path[1] = 'D:/unity/2020.3.33f1/Editor/Data/MonoBleedingEdge/lib/mono/unityjit'
Mono config path = 'D:/unity/2020.3.33f1/Editor/Data/MonoBleedingEdge/etc'
Using monoOptions --debugger-agent=transport=dt_socket,embedding=1,server=y,suspend=n,address=127.0.0.1:56840
Begin MonoManager ReloadAssembly
Registering precompiled unity dll's ...
Register platform support module: D:/unity/2020.3.33f1/Editor/Data/PlaybackEngines/WebGLSupport/UnityEditor.WebGL.Extensions.dll
Register platform support module: D:/unity/2020.3.33f1/Editor/Data/PlaybackEngines/WindowsStandaloneSupport/UnityEditor.WindowsStandalone.Extensions.dll
Registered in 0.001160 seconds.
Native extension for WindowsStandalone target not found
Native extension for WebGL target not found
Refreshing native plugins compatible for Editor in 28.02 ms, found 2 plugins.
Preloading 0 native plugins for Editor in 0.00 ms.
Mono: successfully reloaded assembly
- Completed reload, in  0.518 seconds
Domain Reload Profiling:
	ReloadAssembly (519ms)
		BeginReloadAssembly (61ms)
			ExecutionOrderSort (0ms)
			DisableScriptedObjects (0ms)
			BackupInstance (0ms)
			ReleaseScriptingObjects (0ms)
			CreateAndSetChildDomain (1ms)
		EndReloadAssembly (399ms)
			LoadAssemblies (61ms)
			RebuildTransferFunctionScriptingTraits (0ms)
			SetupTypeCache (136ms)
			ReleaseScriptCaches (0ms)
			RebuildScriptCaches (26ms)
			SetupLoadedEditorAssemblies (147ms)
				LogAssemblyErrors (0ms)
				InitializePlatformSupportModulesInManaged (4ms)
				SetLoadedEditorAssemblies (0ms)
				RefreshPlugins (28ms)
				BeforeProcessingInitializeOnLoad (12ms)
				ProcessInitializeOnLoadAttributes (77ms)
				ProcessInitializeOnLoadMethodAttributes (25ms)
				AfterProcessingInitializeOnLoad (0ms)
				EditorAssembliesLoaded (0ms)
			ExecutionOrderSort2 (0ms)
			AwakeInstancesAfterBackupRestoration (0ms)
Platform modules already initialized, skipping
Registering precompiled user dll's ...
Registered in 0.002049 seconds.
Begin MonoManager ReloadAssembly
Symbol file LoadedFromMemory doesn't match image C:\Users\Aszalea\Udemy Course\Library\PackageCache\com.unity.collab-proxy@1.15.15\Lib\Editor\PlasticSCM\unityplastic.dll
Native extension for WindowsStandalone target not found
Native extension for WebGL target not found
Refreshing native plugins compatible for Editor in 0.43 ms, found 2 plugins.
Preloading 0 native plugins for Editor in 0.00 ms.
Mono: successfully reloaded assembly
- Completed reload, in  0.875 seconds
Domain Reload Profiling:
	ReloadAssembly (876ms)
		BeginReloadAssembly (140ms)
			ExecutionOrderSort (0ms)
			DisableScriptedObjects (4ms)
			BackupInstance (0ms)
			ReleaseScriptingObjects (0ms)
			CreateAndSetChildDomain (16ms)
		EndReloadAssembly (688ms)
			LoadAssemblies (88ms)
			RebuildTransferFunctionScriptingTraits (0ms)
			SetupTypeCache (241ms)
			ReleaseScriptCaches (0ms)
			RebuildScriptCaches (37ms)
			SetupLoadedEditorAssemblies (259ms)
				LogAssemblyErrors (0ms)
				InitializePlatformSupportModulesInManaged (5ms)
				SetLoadedEditorAssemblies (0ms)
				RefreshPlugins (0ms)
				BeforeProcessingInitializeOnLoad (78ms)
				ProcessInitializeOnLoadAttributes (166ms)
				ProcessInitializeOnLoadMethodAttributes (8ms)
				AfterProcessingInitializeOnLoad (1ms)
				EditorAssembliesLoaded (0ms)
			ExecutionOrderSort2 (0ms)
			AwakeInstancesAfterBackupRestoration (6ms)
Platform modules already initialized, skipping
========================================================================
Worker process is ready to serve import requests
Launched and connected shader compiler UnityShaderCompiler.exe after 0.17 seconds
Refreshing native plugins compatible for Editor in 0.28 ms, found 2 plugins.
Preloading 0 native plugins for Editor in 0.00 ms.
Unloading 1509 Unused Serialized files (Serialized files now loaded: 0)
System memory in use before: 68.7 MB.
System memory in use after: 68.8 MB.

Unloading 16 unused Assets to reduce memory usage. Loaded Objects now: 1945.
Total: 2.844500 ms (FindLiveObjects: 0.109000 ms CreateObjectMapping: 0.041700 ms MarkObjects: 2.638100 ms  DeleteObjects: 0.055000 ms)

AssetImportParameters requested are different than current active one (requested -> active):
  custom:framework-win-MediaFoundation: 216162199b28c13a410421893ffa2e32 -> 
  custom:video-decoder-ogg-theora: a1e56fd34408186e4bbccfd4996cb3dc -> 
  custom:container-muxer-webm: aa71ff27fc2769a1b78a27578f13a17b -> 
  custom:container-demuxer-webm: 4f35f7cbe854078d1ac9338744f61a02 -> 
  custom:container-demuxer-ogg: 62fdf1f143b41e24485cea50d1cbac27 -> 
  custom:video-encoder-webm-vp8: eb34c28f22e8b96e1ab97ce403110664 -> 
  custom:video-codec-MediaFoundation-h265: 746d11721c4dcdbdad8f713fa42b33f4 -> 
  custom:video-decoder-webm-vp8: 9c59270c3fd7afecdb556c50c9e8de78 -> 
  custom:audio-decoder-ogg-vorbis: bf7c407c2cedff20999df2af8eb42d56 -> 
  custom:audio-encoder-webm-vorbis: bf7c407c2cedff20999df2af8eb42d56 -> 
========================================================================
Received Import Request.
  path: Assets/Prefab
  artifactKey: Guid(e0658052dec5a3c44a8147853f87b204) Importer(815301076,1909f56bfc062723c751e8b465ee728b)
Start importing Assets/Prefab using Guid(e0658052dec5a3c44a8147853f87b204) Importer(815301076,1909f56bfc062723c751e8b465ee728b)  -> (artifact id: '8618674c60f483ebff9a465ba8a120bf') in 0.006769 seconds 
========================================================================
Received Import Request.
  Time since last request: 1.644669 seconds.
  path: Assets/Prefab/Lazor.prefab
  artifactKey: Guid(767766bcc8098d34fa3ace873caf8a3f) Importer(815301076,1909f56bfc062723c751e8b465ee728b)
Start importing Assets/Prefab/Lazor.prefab using Guid(767766bcc8098d34fa3ace873caf8a3f) Importer(815301076,1909f56bfc062723c751e8b465ee728b)  -> (artifact id: '704ece54935bbdf9b073f8f774dd0e9a') in 0.166909 seconds 
========================================================================
Received Import Request.
  Time since last request: 90.879099 seconds.
  path: Assets/Prefab/Lazor.prefab
  artifactKey: Guid(767766bcc8098d34fa3ace873caf8a3f) Importer(815301076,1909f56bfc062723c751e8b465ee728b)
Start importing Assets/Prefab/Lazor.prefab using Guid(767766bcc8098d34fa3ace873caf8a3f) Importer(815301076,1909f56bfc062723c751e8b465ee728b)  -> (artifact id: '4d9f33264aa9ba267c0c0b89ffbddfb5') in 0.009263 seconds 
========================================================================
Received Prepare
Registering precompiled user dll's ...
Registered in 0.001964 seconds.
Begin MonoManager ReloadAssembly
Symbol file LoadedFromMemory doesn't match image C:\Users\Aszalea\Udemy Course\Library\PackageCache\com.unity.collab-proxy@1.15.15\Lib\Editor\PlasticSCM\unityplastic.dll
Native extension for WindowsStandalone target not found
Native extension for WebGL target not found
Refreshing native plugins compatible for Editor in 0.29 ms, found 2 plugins.
Preloading 0 native plugins for Editor in 0.00 ms.
Mono: successfully reloaded assembly
- Completed reload, in  0.908 seconds
Domain Reload Profiling:
	ReloadAssembly (909ms)
		BeginReloadAssembly (105ms)
			ExecutionOrderSort (0ms)
			DisableScriptedObjects (4ms)
			BackupInstance (0ms)
			ReleaseScriptingObjects (0ms)
			CreateAndSetChildDomain (27ms)
		EndReloadAssembly (754ms)
			LoadAssemblies (88ms)
			RebuildTransferFunctionScriptingTraits (0ms)
			SetupTypeCache (233ms)
			ReleaseScriptCaches (1ms)
			RebuildScriptCaches (33ms)
			SetupLoadedEditorAssemblies (324ms)
				LogAssemblyErrors (0ms)
				InitializePlatformSupportModulesInManaged (4ms)
				SetLoadedEditorAssemblies (0ms)
				RefreshPlugins (0ms)
				BeforeProcessingInitializeOnLoad (72ms)
				ProcessInitializeOnLoadAttributes (235ms)
				ProcessInitializeOnLoadMethodAttributes (10ms)
				AfterProcessingInitializeOnLoad (2ms)
				EditorAssembliesLoaded (0ms)
			ExecutionOrderSort2 (0ms)
			AwakeInstancesAfterBackupRestoration (10ms)
Platform modules already initialized, skipping
Refreshing native plugins compatible for Editor in 0.37 ms, found 2 plugins.
Preloading 0 native plugins for Editor in 0.00 ms.
Unloading 1503 Unused Serialized files (Serialized files now loaded: 0)
System memory in use before: 71.7 MB.
System memory in use after: 71.8 MB.

Unloading 12 unused Assets to reduce memory usage. Loaded Objects now: 1956.
Total: 6.658000 ms (FindLiveObjects: 0.237600 ms CreateObjectMapping: 0.082100 ms MarkObjects: 6.281300 ms  DeleteObjects: 0.056100 ms)

AssetImportParameters requested are different than current active one (requested -> active):
  custom:framework-win-MediaFoundation: 216162199b28c13a410421893ffa2e32 -> 
  custom:video-decoder-ogg-theora: a1e56fd34408186e4bbccfd4996cb3dc -> 
  custom:container-muxer-webm: aa71ff27fc2769a1b78a27578f13a17b -> 
  custom:container-demuxer-webm: 4f35f7cbe854078d1ac9338744f61a02 -> 
  custom:container-demuxer-ogg: 62fdf1f143b41e24485cea50d1cbac27 -> 
  custom:video-encoder-webm-vp8: eb34c28f22e8b96e1ab97ce403110664 -> 
  custom:video-codec-MediaFoundation-h265: 746d11721c4dcdbdad8f713fa42b33f4 -> 
  custom:video-decoder-webm-vp8: 9c59270c3fd7afecdb556c50c9e8de78 -> 
  custom:audio-decoder-ogg-vorbis: bf7c407c2cedff20999df2af8eb42d56 -> 
  custom:audio-encoder-webm-vorbis: bf7c407c2cedff20999df2af8eb42d56 -> 
========================================================================
Received Import Request.
  Time since last request: 228.071337 seconds.
  path: Assets/Prefab/Lazor.prefab
  artifactKey: Guid(767766bcc8098d34fa3ace873caf8a3f) Importer(815301076,1909f56bfc062723c751e8b465ee728b)
Start importing Assets/Prefab/Lazor.prefab using Guid(767766bcc8098d34fa3ace873caf8a3f) Importer(815301076,1909f56bfc062723c751e8b465ee728b)  -> (artifact id: 'bca4a90d74feca7c4a37a6a6dfed1eb3') in 0.059242 seconds 
========================================================================
Received Import Request.
  Time since last request: 20.098725 seconds.
  path: Assets/Prefab/Lazor.prefab
  artifactKey: Guid(767766bcc8098d34fa3ace873caf8a3f) Importer(815301076,1909f56bfc062723c751e8b465ee728b)
Start importing Assets/Prefab/Lazor.prefab using Guid(767766bcc8098d34fa3ace873caf8a3f) Importer(815301076,1909f56bfc062723c751e8b465ee728b)  -> (artifact id: '2d4844989396bf7f511416df3100fb06') in 0.009255 seconds 
========================================================================
Received Import Request.
  Time since last request: 22.891958 seconds.
  path: Assets/Prefab/Lazor.prefab
  artifactKey: Guid(767766bcc8098d34fa3ace873caf8a3f) Importer(815301076,1909f56bfc062723c751e8b465ee728b)
Start importing Assets/Prefab/Lazor.prefab using Guid(767766bcc8098d34fa3ace873caf8a3f) Importer(815301076,1909f56bfc062723c751e8b465ee728b)  -> (artifact id: '1d6b9d538f0167afdc11ea577dd4adeb') in 0.009950 seconds 
========================================================================
Received Import Request.
  Time since last request: 0.835517 seconds.
  path: Assets/Prefab/Lazor.prefab
  artifactKey: Guid(767766bcc8098d34fa3ace873caf8a3f) Importer(815301076,1909f56bfc062723c751e8b465ee728b)
Start importing Assets/Prefab/Lazor.prefab using Guid(767766bcc8098d34fa3ace873caf8a3f) Importer(815301076,1909f56bfc062723c751e8b465ee728b)  -> (artifact id: 'b9fa2c35bcec1116f22bdc7b77ecf277') in 0.010568 seconds 
========================================================================
Received Import Request.
  Time since last request: 3.637815 seconds.
  path: Assets/Prefab/Lazor.prefab
  artifactKey: Guid(767766bcc8098d34fa3ace873caf8a3f) Importer(815301076,1909f56bfc062723c751e8b465ee728b)
Start importing Assets/Prefab/Lazor.prefab using Guid(767766bcc8098d34fa3ace873caf8a3f) Importer(815301076,1909f56bfc062723c751e8b465ee728b)  -> (artifact id: '21c80eaaba66ddf6b0091f5e94d1abf0') in 0.009945 seconds 
========================================================================
Received Import Request.
  Time since last request: 16.023691 seconds.
  path: Assets/Prefab/Lazor.prefab
  artifactKey: Guid(767766bcc8098d34fa3ace873caf8a3f) Importer(815301076,1909f56bfc062723c751e8b465ee728b)
Start importing Assets/Prefab/Lazor.prefab using Guid(767766bcc8098d34fa3ace873caf8a3f) Importer(815301076,1909f56bfc062723c751e8b465ee728b)  -> (artifact id: 'fb502d5ac6a2156b44417d76698d6ea4') in 0.009824 seconds 
========================================================================
Received Import Request.
  Time since last request: 33.203665 seconds.
  path: Assets/Prefab/Lazor.prefab
  artifactKey: Guid(767766bcc8098d34fa3ace873caf8a3f) Importer(815301076,1909f56bfc062723c751e8b465ee728b)
Start importing Assets/Prefab/Lazor.prefab using Guid(767766bcc8098d34fa3ace873caf8a3f) Importer(815301076,1909f56bfc062723c751e8b465ee728b)  -> (artifact id: '745664d9a6896c241a1a4c74b48c68d5') in 0.012243 seconds 
========================================================================
Received Import Request.
  Time since last request: 1.418761 seconds.
  path: Assets/Prefab/Lazor.prefab
  artifactKey: Guid(767766bcc8098d34fa3ace873caf8a3f) Importer(815301076,1909f56bfc062723c751e8b465ee728b)
Start importing Assets/Prefab/Lazor.prefab using Guid(767766bcc8098d34fa3ace873caf8a3f) Importer(815301076,1909f56bfc062723c751e8b465ee728b)  -> (artifact id: '183782bcd82400a4ddf9d9ce29f272b3') in 0.010639 seconds 
AssetImportWorkerClient::OnTransportError - code=2 error=End of file
